d:\tsu\yarh-aoiaplus\release\tinyxmlstl.bsc
d:\tsu\thirdparty\tinyxml\release\tinystr.sbr
d:\tsu\thirdparty\tinyxml\release\tinystr.obj
d:\tsu\thirdparty\tinyxml\release\tinyxmlparser.sbr
d:\tsu\thirdparty\tinyxml\release\tinyxmlparser.obj
d:\tsu\thirdparty\tinyxml\release\tinyxmlerror.sbr
d:\tsu\thirdparty\tinyxml\release\tinyxmlerror.obj
d:\tsu\thirdparty\tinyxml\release\tinyxml.sbr
d:\tsu\thirdparty\tinyxml\release\tinyxml.obj
d:\tsu\yarh-aoiaplus\release\tinyxmlstl.pdb
d:\tsu\yarh-aoiaplus\release\tinyxmlstl.lib
d:\tsu\thirdparty\tinyxml\release\tinyxmlstl.tlog\bscmake.command.1.tlog
d:\tsu\thirdparty\tinyxml\release\tinyxmlstl.tlog\bscmake.read.1.tlog
d:\tsu\thirdparty\tinyxml\release\tinyxmlstl.tlog\bscmake.write.1.tlog
d:\tsu\thirdparty\tinyxml\release\tinyxmlstl.tlog\cl.11860.write.1.tlog
d:\tsu\thirdparty\tinyxml\release\tinyxmlstl.tlog\cl.command.1.tlog
d:\tsu\thirdparty\tinyxml\release\tinyxmlstl.tlog\cl.read.1.tlog
d:\tsu\thirdparty\tinyxml\release\tinyxmlstl.tlog\lib-link.read.1.tlog
d:\tsu\thirdparty\tinyxml\release\tinyxmlstl.tlog\lib-link.write.1.tlog
d:\tsu\thirdparty\tinyxml\release\tinyxmlstl.tlog\lib.command.1.tlog
