d:\tsu\yarh-aoiaplus\release\detours.bsc
d:\tsu\thirdparty\detours 3.0\release\modules.sbr
d:\tsu\thirdparty\detours 3.0\release\modules.obj
d:\tsu\thirdparty\detours 3.0\release\disasm.sbr
d:\tsu\thirdparty\detours 3.0\release\disasm.obj
d:\tsu\thirdparty\detours 3.0\release\image.sbr
d:\tsu\thirdparty\detours 3.0\release\image.obj
d:\tsu\thirdparty\detours 3.0\release\detours.sbr
d:\tsu\thirdparty\detours 3.0\release\detours.obj
d:\tsu\thirdparty\detours 3.0\release\creatwth.sbr
d:\tsu\thirdparty\detours 3.0\release\creatwth.obj
d:\tsu\yarh-aoiaplus\release\detours.pdb
d:\tsu\yarh-aoiaplus\release\detours.lib
d:\tsu\thirdparty\detours 3.0\release\detours.tlog\bscmake.command.1.tlog
d:\tsu\thirdparty\detours 3.0\release\detours.tlog\bscmake.read.1.tlog
d:\tsu\thirdparty\detours 3.0\release\detours.tlog\bscmake.write.1.tlog
d:\tsu\thirdparty\detours 3.0\release\detours.tlog\cl.19416.write.1.tlog
d:\tsu\thirdparty\detours 3.0\release\detours.tlog\cl.command.1.tlog
d:\tsu\thirdparty\detours 3.0\release\detours.tlog\cl.read.1.tlog
d:\tsu\thirdparty\detours 3.0\release\detours.tlog\lib-link.read.1.tlog
d:\tsu\thirdparty\detours 3.0\release\detours.tlog\lib-link.write.1.tlog
d:\tsu\thirdparty\detours 3.0\release\detours.tlog\lib.command.1.tlog
